www/@capacitor/local-notifications/android/build/intermediates/manifest_merge_blame_file/debug/manifest-merger-blame-debug-report.txt
1<?xml version="1.0" encoding="utf-8"?>
2<manifest xmlns:android="http://schemas.android.com/apk/res/android"
3    package="com.capacitorjs.plugins.localnotifications"
4    android:versionCode="1"
5    android:versionName="1.0" >
6
7    <uses-sdk
8        android:minSdkVersion="21"
8-->src\main\AndroidManifest.xml
9        android:targetSdkVersion="30" />
9-->src\main\AndroidManifest.xml
10
11    <uses-permission android:name="android.permission.RECEIVE_BOOT_COMPLETED" />
11-->src\main\AndroidManifest.xml:18:5-80
11-->src\main\AndroidManifest.xml:18:22-78
12    <uses-permission android:name="android.permission.WAKE_LOCK" />
12-->src\main\AndroidManifest.xml:19:5-67
12-->src\main\AndroidManifest.xml:19:22-65
13
14    <application>
14-->src\main\AndroidManifest.xml:4:5-17:19
15        <receiver android:name="com.capacitorjs.plugins.localnotifications.TimedNotificationPublisher" />
15-->src\main\AndroidManifest.xml:5:9-106
15-->src\main\AndroidManifest.xml:5:19-103
16        <receiver android:name="com.capacitorjs.plugins.localnotifications.NotificationDismissReceiver" />
16-->src\main\AndroidManifest.xml:6:9-107
16-->src\main\AndroidManifest.xml:6:19-104
17        <receiver
17-->src\main\AndroidManifest.xml:7:9-16:20
18            android:name="com.capacitorjs.plugins.localnotifications.LocalNotificationRestoreReceiver"
18-->src\main\AndroidManifest.xml:8:13-103
19            android:directBootAware="true"
19-->src\main\AndroidManifest.xml:9:13-43
20            android:exported="false" >
20-->src\main\AndroidManifest.xml:10:13-37
21            <intent-filter>
21-->src\main\AndroidManifest.xml:11:13-15:29
22                <action android:name="android.intent.action.LOCKED_BOOT_COMPLETED" />
22-->src\main\AndroidManifest.xml:12:17-86
22-->src\main\AndroidManifest.xml:12:25-83
23                <action android:name="android.intent.action.BOOT_COMPLETED" />
23-->src\main\AndroidManifest.xml:13:17-79
23-->src\main\AndroidManifest.xml:13:25-76
24                <action android:name="android.intent.action.QUICKBOOT_POWERON" />
24-->src\main\AndroidManifest.xml:14:17-82
24-->src\main\AndroidManifest.xml:14:25-79
25            </intent-filter>
26        </receiver>
27    </application>
28
29</manifest>